<?xml version="1.0" encoding="UTF-8"?>
<!-- Generated by org.testng.reporters.JUnitReportReporter -->
<testsuite hostname="zenfery" name="org.tedu.mavenPro2.NewTest" tests="1" failures="0" timestamp="9 Jan 2019 09:44:50 GMT" time="0.012" errors="0">
  <testcase name="f" time="0.012" classname="org.tedu.mavenPro2.NewTest"/>
</testsuite> <!-- org.tedu.mavenPro2.NewTest -->
