<?xml version="1.0" encoding="UTF-8"?>
<!-- Generated by org.testng.reporters.JUnitReportReporter -->
<testsuite hostname="zenfery" name="org.tedu.mavenPro2.AppTest" tests="1" failures="0" timestamp="9 Jan 2019 09:44:50 GMT" time="0.001" errors="0">
  <testcase name="shouldAnswerWithTrue" time="0.001" classname="org.tedu.mavenPro2.AppTest"/>
</testsuite> <!-- org.tedu.mavenPro2.AppTest -->
