<?xml version="1.0" encoding="UTF-8"?>
<!-- Generated by org.testng.reporters.JUnitReportReporter -->
<testsuite hostname="zenfery" name="org.tedu.mavenPro2.TestLog4j" tests="1" failures="0" timestamp="10 Jan 2019 09:28:18 GMT" time="11.474" errors="0">
  <testcase name="f" time="11.474" classname="org.tedu.mavenPro2.TestLog4j"/>
</testsuite> <!-- org.tedu.mavenPro2.TestLog4j -->
