<?xml version="1.0" encoding="UTF-8"?>
<!-- Generated by org.testng.reporters.JUnitReportReporter -->
<testsuite hostname="zenfery" name="ecshop.tc.TestAdvancedSearch" tests="3" failures="0" timestamp="13 Feb 2019 08:10:00 GMT" time="29.370" errors="0">
  <testcase name="f" time="8.706" classname="ecshop.tc.TestAdvancedSearch"/>
  <testcase name="f" time="11.966" classname="ecshop.tc.TestAdvancedSearch"/>
  <testcase name="f" time="8.698" classname="ecshop.tc.TestAdvancedSearch"/>
</testsuite> <!-- ecshop.tc.TestAdvancedSearch -->
