<?xml version="1.0" encoding="UTF-8"?>
<!-- Generated by org.testng.reporters.JUnitReportReporter -->
<testsuite hostname="zenfery" name="org.tedu.mavenPro2.NewTest2" tests="2" failures="0" timestamp="11 Jan 2019 05:59:01 GMT" time="0.031" errors="0">
  <testcase name="f" time="0.016" classname="org.tedu.mavenPro2.NewTest2"/>
  <testcase name="f" time="0.015" classname="org.tedu.mavenPro2.NewTest2"/>
</testsuite> <!-- org.tedu.mavenPro2.NewTest2 -->
