<?xml version="1.0" encoding="UTF-8"?>
<!-- Generated by org.testng.reporters.JUnitReportReporter -->
<testsuite hostname="zenfery" name="ecshop.TestECShopSearch" tests="1" failures="0" timestamp="9 Jan 2019 12:44:23 GMT" time="14.185" errors="0">
  <testcase name="f" time="14.185" classname="ecshop.TestECShopSearch"/>
</testsuite> <!-- ecshop.TestECShopSearch -->
