<?xml version="1.0" encoding="UTF-8"?>
<!-- Generated by org.testng.reporters.JUnitReportReporter -->
<testsuite hostname="zenfery" name="ecshop.TestECShopSearch" tests="1" failures="0" timestamp="15 Feb 2019 07:12:16 GMT" time="12.519" errors="0">
  <testcase name="f" time="12.519" classname="ecshop.TestECShopSearch"/>
</testsuite> <!-- ecshop.TestECShopSearch -->
