<?xml version="1.0" encoding="UTF-8"?>
<!-- Generated by org.testng.reporters.JUnitReportReporter -->
<testsuite hostname="zenfery" name="org.tedu.mavenPro2.NewTest1" tests="1" failures="0" timestamp="9 Jan 2019 12:28:43 GMT" time="0.011" errors="0">
  <testcase name="f" time="0.011" classname="org.tedu.mavenPro2.NewTest1"/>
</testsuite> <!-- org.tedu.mavenPro2.NewTest1 -->
